<?xml version="1.0" encoding="UTF-8"?>
<!-- Generated by org.testng.reporters.JUnitXMLReporter -->
<testsuite ignored="0" hostname="DESKTOP-PPNP77A" failures="0" tests="8" name="Default test" time="112.999" errors="0" timestamp="2021-09-27T13:07:46 IST">
  <testcase classname="urbanladder.C1.urbanNavigation" name="initialize" time="3.529"/>
  <testcase classname="urbanladder.C1.urbanNavigation" name="CountOfBeds" time="5.021"/>
  <testcase classname="urbanladder.C1.Furniture" name="validateSpecialfurniture" time="3.986"/>
  <testcase classname="urbanladder.C1.Furniture" name="validateTable" time="4.429"/>
  <testcase classname="urbanladder.C1.validateUrvbanladderText" name="validateText" time="13.244"/>
  <testcase classname="urbanladder.C1.validateUrvbanladderText" name="validateTable" time="16.089"/>
  <testcase classname="urbanladder.C1.validateUrvbanladderText" name="validTabledrop" time="30.744"/>
  <testcase classname="urbanladder.C1.validateUrvbanladderText" name="Addtocart" time="35.908"/>
</testsuite> <!-- Default test -->
