<?xml version="1.0" encoding="UTF-8"?>
<testng-results ignored="0" total="8" passed="8" failed="0" skipped="0">
  <reporter-output>
  </reporter-output>
  <suite started-at="2021-09-27T13:05:53 IST" name="Default suite" finished-at="2021-09-27T13:07:46 IST" duration-ms="112999">
    <groups>
    </groups>
    <test started-at="2021-09-27T13:05:53 IST" name="Default test" finished-at="2021-09-27T13:07:46 IST" duration-ms="112999">
      <class name="urbanladder.C1.urbanNavigation">
        <test-method signature="initialize()[pri:5, instance:urbanladder.C1.urbanNavigation@41d426b5]" started-at="2021-09-27T13:05:53 IST" name="initialize" finished-at="2021-09-27T13:05:56 IST" duration-ms="3529" status="PASS">
          <reporter-output>
          </reporter-output>
        </test-method> <!-- initialize -->
        <test-method signature="CountOfBeds()[pri:6, instance:urbanladder.C1.urbanNavigation@41d426b5]" started-at="2021-09-27T13:05:56 IST" name="CountOfBeds" finished-at="2021-09-27T13:06:01 IST" duration-ms="5021" status="PASS">
          <reporter-output>
          </reporter-output>
        </test-method> <!-- CountOfBeds -->
      </class> <!-- urbanladder.C1.urbanNavigation -->
      <class name="urbanladder.C1.Furniture">
        <test-method signature="validateSpecialfurniture()[pri:7, instance:urbanladder.C1.Furniture@2df6226d]" started-at="2021-09-27T13:06:01 IST" name="validateSpecialfurniture" finished-at="2021-09-27T13:06:05 IST" duration-ms="3986" status="PASS">
          <reporter-output>
          </reporter-output>
        </test-method> <!-- validateSpecialfurniture -->
        <test-method signature="validateTable()[pri:8, instance:urbanladder.C1.Furniture@2df6226d]" started-at="2021-09-27T13:06:05 IST" name="validateTable" finished-at="2021-09-27T13:06:10 IST" duration-ms="4429" status="PASS">
          <reporter-output>
          </reporter-output>
        </test-method> <!-- validateTable -->
      </class> <!-- urbanladder.C1.Furniture -->
      <class name="urbanladder.C1.validateUrvbanladderText">
        <test-method signature="validateText()[pri:1, instance:urbanladder.C1.validateUrvbanladderText@49cb9cb5]" started-at="2021-09-27T13:06:10 IST" name="validateText" finished-at="2021-09-27T13:06:23 IST" duration-ms="13244" status="PASS">
          <reporter-output>
          </reporter-output>
        </test-method> <!-- validateText -->
        <test-method signature="validateTable()[pri:2, instance:urbanladder.C1.validateUrvbanladderText@49cb9cb5]" started-at="2021-09-27T13:06:23 IST" name="validateTable" finished-at="2021-09-27T13:06:39 IST" duration-ms="16089" status="PASS">
          <reporter-output>
          </reporter-output>
        </test-method> <!-- validateTable -->
        <test-method signature="validTabledrop()[pri:3, instance:urbanladder.C1.validateUrvbanladderText@49cb9cb5]" started-at="2021-09-27T13:06:39 IST" name="validTabledrop" finished-at="2021-09-27T13:07:10 IST" duration-ms="30744" status="PASS">
          <reporter-output>
          </reporter-output>
        </test-method> <!-- validTabledrop -->
        <test-method signature="Addtocart()[pri:4, instance:urbanladder.C1.validateUrvbanladderText@49cb9cb5]" started-at="2021-09-27T13:07:10 IST" name="Addtocart" finished-at="2021-09-27T13:07:46 IST" duration-ms="35908" status="PASS">
          <reporter-output>
          </reporter-output>
        </test-method> <!-- Addtocart -->
      </class> <!-- urbanladder.C1.validateUrvbanladderText -->
    </test> <!-- Default test -->
  </suite> <!-- Default suite -->
</testng-results>
